TN:
SF:lib\Employee.js
FN:2,(anonymous_0)
FN:7,(anonymous_1)
FN:10,(anonymous_2)
FN:13,(anonymous_3)
FN:16,(anonymous_4)
FN:19,(anonymous_5)
FN:23,(anonymous_6)
FN:27,(anonymous_7)
FN:30,(anonymous_8)
FN:36,(anonymous_9)
FN:40,(anonymous_10)
FN:43,(anonymous_11)
FN:49,(anonymous_12)
FN:53,(anonymous_13)
FN:56,(anonymous_14)
FNF:15
FNH:9
FNDA:4,(anonymous_0)
FNDA:0,(anonymous_1)
FNDA:0,(anonymous_2)
FNDA:4,(anonymous_3)
FNDA:1,(anonymous_4)
FNDA:0,(anonymous_5)
FNDA:1,(anonymous_6)
FNDA:0,(anonymous_7)
FNDA:1,(anonymous_8)
FNDA:1,(anonymous_9)
FNDA:0,(anonymous_10)
FNDA:1,(anonymous_11)
FNDA:1,(anonymous_12)
FNDA:0,(anonymous_13)
FNDA:1,(anonymous_14)
DA:3,4
DA:4,4
DA:5,4
DA:8,0
DA:11,0
DA:14,4
DA:17,1
DA:24,1
DA:25,1
DA:28,0
DA:31,1
DA:37,1
DA:38,1
DA:41,0
DA:44,1
DA:50,1
DA:51,1
DA:54,0
DA:57,1
DA:61,4
LF:20
LH:15
BRF:0
BRH:0
end_of_record
