TN:
SF:lib/Employee.js
FN:2,(anonymous_0)
FN:7,(anonymous_1)
FN:10,(anonymous_2)
FN:13,(anonymous_3)
FN:16,(anonymous_4)
FN:22,(anonymous_5)
FN:26,(anonymous_6)
FN:29,(anonymous_7)
FN:35,(anonymous_8)
FN:39,(anonymous_9)
FN:42,(anonymous_10)
FN:48,(anonymous_11)
FN:52,(anonymous_12)
FN:55,(anonymous_13)
FNF:14
FNH:7
FNDA:3,(anonymous_0)
FNDA:0,(anonymous_1)
FNDA:0,(anonymous_2)
FNDA:4,(anonymous_3)
FNDA:1,(anonymous_4)
FNDA:1,(anonymous_5)
FNDA:0,(anonymous_6)
FNDA:1,(anonymous_7)
FNDA:1,(anonymous_8)
FNDA:0,(anonymous_9)
FNDA:1,(anonymous_10)
FNDA:0,(anonymous_11)
FNDA:0,(anonymous_12)
FNDA:0,(anonymous_13)
DA:3,3
DA:4,3
DA:5,3
DA:8,0
DA:11,0
DA:14,4
DA:17,1
DA:23,1
DA:24,1
DA:27,0
DA:30,1
DA:36,1
DA:37,1
DA:40,0
DA:43,1
DA:49,0
DA:50,0
DA:53,0
DA:56,0
DA:60,4
LF:20
LH:12
BRF:0
BRH:0
end_of_record
